                              1 ;--------------------------------------------------------
                              2 ; File Created by SDCC : free open source ANSI-C Compiler
                              3 ; Version 3.0.0 #6037 (Oct 31 2010) (MINGW32)
                              4 ; This file was generated Wed Apr 13 13:52:20 2011
                              5 ;--------------------------------------------------------
                              6 	.module Gravacao
                              7 	.optsdcc -mmcs51 --model-small
                              8 	
                              9 ;--------------------------------------------------------
                             10 ; Public variables in this module
                             11 ;--------------------------------------------------------
                             12 	.globl _main
                             13 ;--------------------------------------------------------
                             14 ; special function registers
                             15 ;--------------------------------------------------------
                             16 	.area RSEG    (ABS,DATA)
   0000                      17 	.org 0x0000
                             18 ;--------------------------------------------------------
                             19 ; special function bits
                             20 ;--------------------------------------------------------
                             21 	.area RSEG    (ABS,DATA)
   0000                      22 	.org 0x0000
                             23 ;--------------------------------------------------------
                             24 ; overlayable register banks
                             25 ;--------------------------------------------------------
                             26 	.area REG_BANK_0	(REL,OVR,DATA)
   0000                      27 	.ds 8
                             28 ;--------------------------------------------------------
                             29 ; internal ram data
                             30 ;--------------------------------------------------------
                             31 	.area DSEG    (DATA)
                             32 ;--------------------------------------------------------
                             33 ; overlayable items in internal ram 
                             34 ;--------------------------------------------------------
                             35 	.area OSEG    (OVR,DATA)
                             36 ;--------------------------------------------------------
                             37 ; Stack segment in internal ram 
                             38 ;--------------------------------------------------------
                             39 	.area	SSEG	(DATA)
   0000                      40 __start__stack:
   0000                      41 	.ds	1
                             42 
                             43 ;--------------------------------------------------------
                             44 ; indirectly addressable internal ram data
                             45 ;--------------------------------------------------------
                             46 	.area ISEG    (DATA)
                             47 ;--------------------------------------------------------
                             48 ; absolute internal ram data
                             49 ;--------------------------------------------------------
                             50 	.area IABS    (ABS,DATA)
                             51 	.area IABS    (ABS,DATA)
                             52 ;--------------------------------------------------------
                             53 ; bit data
                             54 ;--------------------------------------------------------
                             55 	.area BSEG    (BIT)
                             56 ;--------------------------------------------------------
                             57 ; paged external ram data
                             58 ;--------------------------------------------------------
                             59 	.area PSEG    (PAG,XDATA)
                             60 ;--------------------------------------------------------
                             61 ; external ram data
                             62 ;--------------------------------------------------------
                             63 	.area XSEG    (XDATA)
                             64 ;--------------------------------------------------------
                             65 ; absolute external ram data
                             66 ;--------------------------------------------------------
                             67 	.area XABS    (ABS,XDATA)
                             68 ;--------------------------------------------------------
                             69 ; external initialized ram data
                             70 ;--------------------------------------------------------
                             71 	.area XISEG   (XDATA)
                             72 	.area HOME    (CODE)
                             73 	.area GSINIT0 (CODE)
                             74 	.area GSINIT1 (CODE)
                             75 	.area GSINIT2 (CODE)
                             76 	.area GSINIT3 (CODE)
                             77 	.area GSINIT4 (CODE)
                             78 	.area GSINIT5 (CODE)
                             79 	.area GSINIT  (CODE)
                             80 	.area GSFINAL (CODE)
                             81 	.area CSEG    (CODE)
                             82 ;--------------------------------------------------------
                             83 ; interrupt vector 
                             84 ;--------------------------------------------------------
                             85 	.area HOME    (CODE)
   0000                      86 __interrupt_vect:
   0000 02s00r00             87 	ljmp	__sdcc_gsinit_startup
                             88 ;--------------------------------------------------------
                             89 ; global & static initialisations
                             90 ;--------------------------------------------------------
                             91 	.area HOME    (CODE)
                             92 	.area GSINIT  (CODE)
                             93 	.area GSFINAL (CODE)
                             94 	.area GSINIT  (CODE)
                             95 	.globl __sdcc_gsinit_startup
                             96 	.globl __sdcc_program_startup
                             97 	.globl __start__stack
                             98 	.globl __mcs51_genXINIT
                             99 	.globl __mcs51_genXRAMCLEAR
                            100 	.globl __mcs51_genRAMCLEAR
                            101 	.area GSFINAL (CODE)
   0000 02s00r03            102 	ljmp	__sdcc_program_startup
                            103 ;--------------------------------------------------------
                            104 ; Home
                            105 ;--------------------------------------------------------
                            106 	.area HOME    (CODE)
                            107 	.area HOME    (CODE)
   0003                     108 __sdcc_program_startup:
   0003 12s00r00            109 	lcall	_main
                            110 ;	return from main will lock up
   0006 80 FE               111 	sjmp .
                            112 ;--------------------------------------------------------
                            113 ; code
                            114 ;--------------------------------------------------------
                            115 	.area CSEG    (CODE)
                            116 ;------------------------------------------------------------
                            117 ;Allocation info for local variables in function 'main'
                            118 ;------------------------------------------------------------
                            119 ;------------------------------------------------------------
                            120 ;	Gravacao.c:3: void main(void){ }
                            121 ;	-----------------------------------------
                            122 ;	 function main
                            123 ;	-----------------------------------------
   0000                     124 _main:
                    0002    125 	ar2 = 0x02
                    0003    126 	ar3 = 0x03
                    0004    127 	ar4 = 0x04
                    0005    128 	ar5 = 0x05
                    0006    129 	ar6 = 0x06
                    0007    130 	ar7 = 0x07
                    0000    131 	ar0 = 0x00
                    0001    132 	ar1 = 0x01
   0000 22                  133 	ret
                            134 	.area CSEG    (CODE)
                            135 	.area CONST   (CODE)
                            136 	.area XINIT   (CODE)
                            137 	.area CABS    (ABS,CODE)
